<?xml version="1.0" encoding="UTF-8"?>
<testng-results ignored="0" total="3" passed="3" failed="0" skipped="0">
  <reporter-output>
  </reporter-output>
  <suite started-at="2021-10-02T23:39:26 BST" name="All Test Suite" finished-at="2021-10-02T23:39:49 BST" duration-ms="23135">
    <groups>
    </groups>
    <test started-at="2021-10-02T23:39:26 BST" name="Test" finished-at="2021-10-02T23:39:49 BST" duration-ms="23135">
      <class name="tests.simpleFormDemoTests">
        <test-method is-config="true" signature="setUp()[pri:0, instance:tests.simpleFormDemoTests@fa49800]" started-at="2021-10-02T23:39:26 BST" name="setUp" finished-at="2021-10-02T23:39:35 BST" duration-ms="8754" status="PASS">
          <reporter-output>
          </reporter-output>
        </test-method> <!-- setUp -->
        <test-method is-config="true" signature="openSimpleFormDemoPage()[pri:0, instance:tests.simpleFormDemoTests@fa49800]" started-at="2021-10-02T23:39:35 BST" name="openSimpleFormDemoPage" finished-at="2021-10-02T23:39:35 BST" duration-ms="472" status="PASS">
          <reporter-output>
          </reporter-output>
        </test-method> <!-- openSimpleFormDemoPage -->
        <test-method signature="verifyCanInputUserMessage()[pri:0, instance:tests.simpleFormDemoTests@fa49800]" started-at="2021-10-02T23:39:35 BST" name="verifyCanInputUserMessage" finished-at="2021-10-02T23:39:36 BST" duration-ms="222" status="PASS">
          <reporter-output>
          </reporter-output>
        </test-method> <!-- verifyCanInputUserMessage -->
        <test-method is-config="true" signature="tearDown()[pri:0, instance:tests.simpleFormDemoTests@fa49800]" started-at="2021-10-02T23:39:36 BST" name="tearDown" finished-at="2021-10-02T23:39:36 BST" duration-ms="725" status="PASS">
          <reporter-output>
          </reporter-output>
        </test-method> <!-- tearDown -->
        <test-method is-config="true" signature="setUp()[pri:0, instance:tests.simpleFormDemoTests@fa49800]" started-at="2021-10-02T23:39:36 BST" name="setUp" finished-at="2021-10-02T23:39:42 BST" duration-ms="5119" status="PASS">
          <reporter-output>
          </reporter-output>
        </test-method> <!-- setUp -->
        <test-method is-config="true" signature="openSimpleFormDemoPage()[pri:0, instance:tests.simpleFormDemoTests@fa49800]" started-at="2021-10-02T23:39:42 BST" name="openSimpleFormDemoPage" finished-at="2021-10-02T23:39:42 BST" duration-ms="472" status="PASS">
          <reporter-output>
          </reporter-output>
        </test-method> <!-- openSimpleFormDemoPage -->
        <test-method signature="verifySumError()[pri:0, instance:tests.simpleFormDemoTests@fa49800]" started-at="2021-10-02T23:39:42 BST" name="verifySumError" finished-at="2021-10-02T23:39:42 BST" duration-ms="300" status="PASS">
          <reporter-output>
          </reporter-output>
        </test-method> <!-- verifySumError -->
        <test-method is-config="true" signature="tearDown()[pri:0, instance:tests.simpleFormDemoTests@fa49800]" started-at="2021-10-02T23:39:42 BST" name="tearDown" finished-at="2021-10-02T23:39:43 BST" duration-ms="702" status="PASS">
          <reporter-output>
          </reporter-output>
        </test-method> <!-- tearDown -->
        <test-method is-config="true" signature="setUp()[pri:0, instance:tests.simpleFormDemoTests@fa49800]" started-at="2021-10-02T23:39:43 BST" name="setUp" finished-at="2021-10-02T23:39:48 BST" duration-ms="4991" status="PASS">
          <reporter-output>
          </reporter-output>
        </test-method> <!-- setUp -->
        <test-method is-config="true" signature="openSimpleFormDemoPage()[pri:0, instance:tests.simpleFormDemoTests@fa49800]" started-at="2021-10-02T23:39:48 BST" name="openSimpleFormDemoPage" finished-at="2021-10-02T23:39:48 BST" duration-ms="422" status="PASS">
          <reporter-output>
          </reporter-output>
        </test-method> <!-- openSimpleFormDemoPage -->
        <test-method signature="verifyValidSum()[pri:0, instance:tests.simpleFormDemoTests@fa49800]" started-at="2021-10-02T23:39:48 BST" name="verifyValidSum" finished-at="2021-10-02T23:39:49 BST" duration-ms="235" status="PASS">
          <reporter-output>
          </reporter-output>
        </test-method> <!-- verifyValidSum -->
        <test-method is-config="true" signature="tearDown()[pri:0, instance:tests.simpleFormDemoTests@fa49800]" started-at="2021-10-02T23:39:49 BST" name="tearDown" finished-at="2021-10-02T23:39:49 BST" duration-ms="686" status="PASS">
          <reporter-output>
          </reporter-output>
        </test-method> <!-- tearDown -->
      </class> <!-- tests.simpleFormDemoTests -->
    </test> <!-- Test -->
  </suite> <!-- All Test Suite -->
</testng-results>
