<?xml version="1.0" encoding="UTF-8"?>
<testsuite xmlns:xsi="http://www.w3.org/2001/XMLSchema-instance" xsi:noNamespaceSchemaLocation="https://maven.apache.org/surefire/maven-surefire-plugin/xsd/surefire-test-report.xsd" name="TestSuite" time="24.167" tests="3" errors="0" skipped="0" failures="0">
  <properties>
[...]
</properties>
  <testcase name="verifyCanInputUserMessage" classname="tests.simpleFormDemoTests" time="0.221"/>
  <testcase name="verifySumError" classname="tests.simpleFormDemoTests" time="0.3"/>
  <testcase name="verifyValidSum" classname="tests.simpleFormDemoTests" time="0.235"/>
</testsuite>