<?xml version="1.0" encoding="UTF-8"?>
<!-- Generated by org.testng.reporters.JUnitXMLReporter -->
<testsuite ignored="0" hostname="LAPTOP-VHB5TNQA" failures="0" tests="3" name="Test" time="23.135" errors="0" timestamp="2021-10-02T23:39:49 BST">
  <testcase classname="tests.simpleFormDemoTests" name="verifyCanInputUserMessage" time="0.222"/>
  <testcase classname="tests.simpleFormDemoTests" name="verifySumError" time="0.3"/>
  <testcase classname="tests.simpleFormDemoTests" name="verifyValidSum" time="0.235"/>
</testsuite> <!-- Test -->
